<?xml version="1.0" encoding="UTF-8"?>
<!-- Generated by org.testng.reporters.JUnitXMLReporter -->
<testsuite hostname="DIN66005793" ignored="0" name="Testing parameterization" tests="5" failures="1" timestamp="21 Mar 2018 15:33:47 GMT" time="0.133" errors="0">
  <testcase name="testcaseTwo" time="0.03" classname="testNgExamples.TestParameters"/>
  <testcase name="testcaseOne" time="0.03" classname="testNgExamples.TestParameters"/>
  <testcase name="methodAdding" time="0.001" classname="testNgExamples.LoggingClass"/>
  <testcase name="divisibleByZero" time="0.001" classname="testNgExamples.LoggingClass">
    <failure type="java.lang.ArithmeticException" message="/ by zero">
      <![CDATA[java.lang.ArithmeticException: / by zero
	at testNgExamples.LoggingClass.divisibleByZero(LoggingClass.java:24)
	at java.util.concurrent.ThreadPoolExecutor.runWorker(ThreadPoolExecutor.java:1149)
	at java.util.concurrent.ThreadPoolExecutor$Worker.run(ThreadPoolExecutor.java:624)
	at java.lang.Thread.run(Thread.java:748)
... Removed 10 stack frames]]>
    </failure>
  </testcase> <!-- divisibleByZero -->
  <testcase name="methodskip" time="0.01" classname="testNgExamples.LoggingClass"/>
</testsuite> <!-- Testing parameterization -->
