<?xml version="1.0" encoding="UTF-8"?>
<!-- Generated by org.testng.reporters.JUnitXMLReporter -->
<testsuite hostname="DIN66005793" ignored="1" name="TestNG logs sample" tests="2" failures="1" timestamp="19 Dec 2017 10:07:15 GMT" time="0.093" errors="0">
  <testcase name="methodAdding" time="0.027" classname="testNgExamples.LoggingClass"/>
  <testcase name="divisibleByZero" time="0.002" classname="testNgExamples.LoggingClass">
    <failure type="java.lang.ArithmeticException" message="/ by zero">
      <![CDATA[java.lang.ArithmeticException: / by zero
	at testNgExamples.LoggingClass.divisibleByZero(LoggingClass.java:24)
... Removed 25 stack frames]]>
    </failure>
  </testcase> <!-- divisibleByZero -->
  <testcase name="methodskip" time="0.0" classname="testNgExamples.LoggingClass">
    <ignored/>
  </testcase> <!-- methodskip -->
</testsuite> <!-- TestNG logs sample -->
